[0.918s] Invoking command in '/home/rodding/ros2_workspace/src/plane_kinematics_algorithm': PYTHONPATH=/home/rodding/ros2_workspace/build/plane_kinematics_algorithm/prefix_override:/usr/lib/python3/dist-packages/colcon_core/task/python/colcon_distutils_commands:/home/rodding/ros2_workspace/install/plane_kinematics_algorithm/lib/python3.10/site-packages:${PYTHONPATH} /usr/bin/python3 -W ignore:setup.py install is deprecated -W ignore:easy_install command is deprecated setup.py egg_info --egg-base ../../build/plane_kinematics_algorithm build --build-base /home/rodding/ros2_workspace/build/plane_kinematics_algorithm/build install --record /home/rodding/ros2_workspace/build/plane_kinematics_algorithm/install.log --single-version-externally-managed install_data
[1.204s] running egg_info
[1.205s] writing ../../build/plane_kinematics_algorithm/plane_kinematics_algorithm.egg-info/PKG-INFO
[1.206s] writing dependency_links to ../../build/plane_kinematics_algorithm/plane_kinematics_algorithm.egg-info/dependency_links.txt
[1.206s] writing entry points to ../../build/plane_kinematics_algorithm/plane_kinematics_algorithm.egg-info/entry_points.txt
[1.206s] writing requirements to ../../build/plane_kinematics_algorithm/plane_kinematics_algorithm.egg-info/requires.txt
[1.206s] writing top-level names to ../../build/plane_kinematics_algorithm/plane_kinematics_algorithm.egg-info/top_level.txt
[1.208s] reading manifest file '../../build/plane_kinematics_algorithm/plane_kinematics_algorithm.egg-info/SOURCES.txt'
[1.210s] writing manifest file '../../build/plane_kinematics_algorithm/plane_kinematics_algorithm.egg-info/SOURCES.txt'
[1.210s] running build
[1.210s] running build_py
[1.211s] running install
[1.212s] running install_lib
[1.213s] running install_data
[1.214s] running install_egg_info
[1.217s] removing '/home/rodding/ros2_workspace/install/plane_kinematics_algorithm/lib/python3.10/site-packages/plane_kinematics_algorithm-0.1.0-py3.10.egg-info' (and everything under it)
[1.217s] Copying ../../build/plane_kinematics_algorithm/plane_kinematics_algorithm.egg-info to /home/rodding/ros2_workspace/install/plane_kinematics_algorithm/lib/python3.10/site-packages/plane_kinematics_algorithm-0.1.0-py3.10.egg-info
[1.218s] running install_scripts
[1.243s] Installing kinematics_controller script to /home/rodding/ros2_workspace/install/plane_kinematics_algorithm/lib/plane_kinematics_algorithm
[1.243s] writing list of installed files to '/home/rodding/ros2_workspace/build/plane_kinematics_algorithm/install.log'
[1.276s] Invoked command in '/home/rodding/ros2_workspace/src/plane_kinematics_algorithm' returned '0': PYTHONPATH=/home/rodding/ros2_workspace/build/plane_kinematics_algorithm/prefix_override:/usr/lib/python3/dist-packages/colcon_core/task/python/colcon_distutils_commands:/home/rodding/ros2_workspace/install/plane_kinematics_algorithm/lib/python3.10/site-packages:${PYTHONPATH} /usr/bin/python3 -W ignore:setup.py install is deprecated -W ignore:easy_install command is deprecated setup.py egg_info --egg-base ../../build/plane_kinematics_algorithm build --build-base /home/rodding/ros2_workspace/build/plane_kinematics_algorithm/build install --record /home/rodding/ros2_workspace/build/plane_kinematics_algorithm/install.log --single-version-externally-managed install_data
